Start testing: Oct 25 21:40 CET
----------------------------------------------------------
1/1 Testing: ExampleTests
1/1 Test: ExampleTests
Command: "/home/zdunek/Desktop/Bank-managment-system/build/tests/ExampleTests"
Directory: /home/zdunek/Desktop/Bank-managment-system/build/tests
"ExampleTests" start time: Oct 25 21:40 CET
Output:
----------------------------------------------------------
Running main() from /home/zdunek/Desktop/Bank-managment-system/googletest/googletest/src/gtest_main.cc
[==========] Running 2 tests from 1 test suite.
[----------] Global test environment set-up.
[----------] 2 tests from ExampleTests
[ RUN      ] ExampleTests.TEST
[       OK ] ExampleTests.TEST (0 ms)
[ RUN      ] ExampleTests.TEST2
/home/zdunek/Desktop/Bank-managment-system/tests/ExampleTests.cpp:12: Failure
Value of: false
  Actual: false
Expected: true
[  FAILED  ] ExampleTests.TEST2 (0 ms)
[----------] 2 tests from ExampleTests (0 ms total)

[----------] Global test environment tear-down
[==========] 2 tests from 1 test suite ran. (0 ms total)
[  PASSED  ] 1 test.
[  FAILED  ] 1 test, listed below:
[  FAILED  ] ExampleTests.TEST2

 1 FAILED TEST
<end of output>
Test time =   0.01 sec
----------------------------------------------------------
Test Failed.
"ExampleTests" end time: Oct 25 21:40 CET
"ExampleTests" time elapsed: 00:00:00
----------------------------------------------------------

End testing: Oct 25 21:40 CET
