Start testing: Oct 27 23:01 CET
----------------------------------------------------------
1/1 Testing: Tmenu_tests
1/1 Test: Tmenu_tests
Command: "/home/zdunek/Desktop/Bank-managment-system/build/tests/Tmenu_tests"
Directory: /home/zdunek/Desktop/Bank-managment-system/build/tests
"Tmenu_tests" start time: Oct 27 23:01 CET
Output:
----------------------------------------------------------
Running main() from /home/zdunek/Desktop/Bank-managment-system/googletest/googletest/src/gtest_main.cc
[==========] Running 1 test from 1 test suite.
[----------] Global test environment set-up.
[----------] 1 test from test
[ RUN      ] test.test_name
[       OK ] test.test_name (0 ms)
[----------] 1 test from test (1 ms total)

[----------] Global test environment tear-down
[==========] 1 test from 1 test suite ran. (1 ms total)
[  PASSED  ] 1 test.
<end of output>
Test time =   0.00 sec
----------------------------------------------------------
Test Passed.
"Tmenu_tests" end time: Oct 27 23:01 CET
"Tmenu_tests" time elapsed: 00:00:00
----------------------------------------------------------

End testing: Oct 27 23:01 CET
