<?xml version="1.0" encoding="UTF-8"?>
<Site BuildName="(empty)"
	BuildStamp="20201025-2019-Experimental"
	Name="(empty)"
	Generator="ctest-3.17.4"
	CompilerName=""
	CompilerVersion=""
	OSName="Linux"
	Hostname="pc-66.home"
	OSRelease="5.8.10-100.fc31.x86_64"
	OSVersion="#1 SMP Thu Sep 17 17:32:56 UTC 2020"
	OSPlatform="x86_64"
	Is64Bits="1"
	VendorString="GenuineIntel"
	VendorID="Intel Corporation"
	FamilyID="6"
	ModelID="94"
	ProcessorCacheSize="6144"
	NumberOfLogicalCPU="2"
	NumberOfPhysicalCPU="2"
	TotalVirtualMemory="8091"
	TotalPhysicalMemory="5938"
	LogicalProcessorsPerPhysical="1"
	ProcessorClockFrequency="2592"
	>
	<Testing>
		<StartDateTime>Oct 25 21:40 CET</StartDateTime>
		<StartTestTime>1603658427</StartTestTime>
		<TestList>
			<Test>./tests/ExampleTests</Test>
		</TestList>
		<Test Status="failed">
			<Name>ExampleTests</Name>
			<Path>./tests</Path>
			<FullName>./tests/ExampleTests</FullName>
			<FullCommandLine>/home/zdunek/Desktop/Bank-managment-system/build/tests/ExampleTests</FullCommandLine>
			<Results>
				<NamedMeasurement type="text/string" name="Exit Code">
					<Value>Failed</Value>
				</NamedMeasurement>
				<NamedMeasurement type="text/string" name="Exit Value">
					<Value>1</Value>
				</NamedMeasurement>
				<NamedMeasurement type="numeric/double" name="Execution Time">
					<Value>0.00534365</Value>
				</NamedMeasurement>
				<NamedMeasurement type="numeric/double" name="Processors">
					<Value>1</Value>
				</NamedMeasurement>
				<NamedMeasurement type="text/string" name="Completion Status">
					<Value>Completed</Value>
				</NamedMeasurement>
				<NamedMeasurement type="text/string" name="Command Line">
					<Value>/home/zdunek/Desktop/Bank-managment-system/build/tests/ExampleTests</Value>
				</NamedMeasurement>
				<Measurement>
					<Value encoding="base64" compression="gzip">eJyVUU1PwkAQve+vmCMktiscm3jAUIzRqAH0QohZ2qE27EezOyvor7ftIrEGA85pdt7bN/Nmpl7rUhegRKl7fVhbo4C/GYX8M/caN3yMbkOm4tdCbyIltCgUaorchyNUvDCmkEjo6GfqbMaLJnttZOMsY4urQyxhuu85hIbjQtNB+wDnS8KYLaJDLOFGmpWQAUf9XlqjmxnAIUW++kXuiKY7oSqJ86bCFjB9foA2lh0knqezeQ2HeLw7BkPvEpTrnxAZsn/srp2TdzSyqkoGwwQmopTeInsR0iOYdQJrIR0ygFFGXsjvd7qrMCPMEyDrsbEwGd3ep+Pjwx08nLWvwAYyJGSfnXcRQmGj3Gx19+B/Hhqs0HG3Ue3haTSbBQ+BG3eNheIFyLJeYw4rlGabnPLOWP1vT2jP/QU89PIG====</Value>
				</Measurement>
			</Results>
		</Test>
		<EndDateTime>Oct 25 21:40 CET</EndDateTime>
		<EndTestTime>1603658427</EndTestTime>
		<ElapsedMinutes>0</ElapsedMinutes>
	</Testing>
</Site>
